#
# A fatal error has been detected by the Java Runtime Environment:
#
#  EXCEPTION_ACCESS_VIOLATION (0xc0000005) at pc=0xffffffffa37a5120, pid=5056, tid=6420
#
# JRE version: Java(TM) SE Runtime Environment (8.0_40-b25) (build 1.8.0_40-b25)
# Java VM: Java HotSpot(TM) 64-Bit Server VM (25.40-b25 mixed mode windows-amd64 compressed oops)
# Problematic frame:
# C  0xffffffffa37a5120
#
# Failed to write core dump. Minidumps are not enabled by default on client versions of Windows
#
# If you would like to submit a bug report, please visit:
#   http://bugreport.java.com/bugreport/crash.jsp
#

---------------  T H R E A D  ---------------

Current thread (0x0000000001c9e800):  JavaThread "main" [_thread_in_Java, id=6420, stack(0x00000000022e0000,0x00000000023e0000)]

siginfo: ExceptionCode=0xc0000005, ExceptionInformation=0x0000000000000008 0xffffffffa37a5120

Registers:
RAX=0x00000000147d78b8, RBX=0x00000000000010e0, RCX=0x00000000ec18be00, RDX=0x00000000ec18be68
RSP=0x00000000023def28, RBP=0x00000000023df068, RSI=0x00000000147d78b8, RDI=0x0000000054dd13d0
R8 =0x00000000ec18be98, R9 =0x00000000ebfd7fd0, R10=0x00000000147d78b8, R11=0x0000000002b39720
R12=0x0000000000000000, R13=0x00000000023df008, R14=0x0000000000000000, R15=0x0000000001c9e800
RIP=0xffffffffa37a5120, EFLAGS=0x0000000000010246

Top of Stack: (sp=0x00000000023def28)
0x00000000023def28:   0000000002b39aac 00000000023df008
0x00000000023def38:   0000000002b3c0dc 00000000023defa8
0x00000000023def48:   00000000027a7450 00000000027a7450
0x00000000023def58:   00000000000001ac 00000000000001ce
0x00000000023def68:   00000000023def68 0000000054dd49eb
0x00000000023def78:   00000000023defc0 0000000054dd4d80
0x00000000023def88:   00000000ec1aad98 00000000ebfdceb8
0x00000000023def98:   0000000000000000 00000000023df008
0x00000000023defa8:   00000000027a7a01 00000000027a7a01
0x00000000023defb8:   00000000ec1aad98 00000000ec18be00
0x00000000023defc8:   00000000023defc8 00000000ec18be98
0x00000000023defd8:   00000000ebfd7fd0 0000000054dd3f10
0x00000000023defe8:   0000000054e17338 00000000023df068
0x00000000023deff8:   00000000027a7790 00000000027a7790
0x00000000023df008:   00000000000007a5 00000000ebfd7fd0
0x00000000023df018:   00000000ec18be98 00000000ec18be00 

Instructions: (pc=0xffffffffa37a5120)
0xffffffffa37a5100:   
[error occurred during error reporting (printing registers, top of stack, instructions near pc), id 0xc0000005]

Register to memory mapping:

RAX=0x00000000147d78b8 is pointing into metadata
RBX=0x00000000000010e0 is an unknown value
RCX=0x00000000ec18be00 is an oop
com.android.dx.merge.DexMerger$6 
 - klass: 'com/android/dx/merge/DexMerger$6'
RDX=0x00000000ec18be68 is an oop
java.nio.HeapByteBuffer 
 - klass: 'java/nio/HeapByteBuffer'
RSP=0x00000000023def28 is pointing into the stack for thread: 0x0000000001c9e800
RBP=0x00000000023df068 is pointing into the stack for thread: 0x0000000001c9e800
RSI=0x00000000147d78b8 is pointing into metadata
RDI=0x0000000054dd13d0 is pointing into metadata
R8 =0x00000000ec18be98 is an oop
com.android.dex.Dex$Section 
 - klass: 'com/android/dex/Dex$Section'
R9 =0x00000000ebfd7fd0 is an oop
com.android.dx.merge.IndexMap 
 - klass: 'com/android/dx/merge/IndexMap'
R10=0x00000000147d78b8 is pointing into metadata
R11=0x0000000002b39720 is at entry_point+32 in (nmethod*)0x0000000002b39510
R12=0x0000000000000000 is an unknown value
R13=0x00000000023df008 is pointing into the stack for thread: 0x0000000001c9e800
R14=0x0000000000000000 is an unknown value
R15=0x0000000001c9e800 is a thread


Stack: [0x00000000022e0000,0x00000000023e0000],  sp=0x00000000023def28,  free space=1019k
Native frames: (J=compiled Java code, j=interpreted, Vv=VM code, C=native code)
C  0xffffffffa37a5120


---------------  P R O C E S S  ---------------

Java Threads: ( => current thread )
  0x00000000565d9800 JavaThread "Service Thread" daemon [_thread_blocked, id=4668, stack(0x0000000057170000,0x0000000057270000)]
  0x0000000056554800 JavaThread "C1 CompilerThread2" daemon [_thread_blocked, id=4432, stack(0x0000000056f20000,0x0000000057020000)]
  0x0000000056553800 JavaThread "C2 CompilerThread1" daemon [_thread_blocked, id=5560, stack(0x00000000560f0000,0x00000000561f0000)]
  0x0000000056550800 JavaThread "C2 CompilerThread0" daemon [_thread_blocked, id=1144, stack(0x0000000056db0000,0x0000000056eb0000)]
  0x00000000551a8800 JavaThread "Attach Listener" daemon [_thread_blocked, id=3280, stack(0x0000000056c20000,0x0000000056d20000)]
  0x00000000551a5000 JavaThread "Signal Dispatcher" daemon [_thread_blocked, id=5516, stack(0x0000000056a80000,0x0000000056b80000)]
  0x000000005514b800 JavaThread "Finalizer" daemon [_thread_blocked, id=3768, stack(0x0000000056450000,0x0000000056550000)]
  0x0000000055144800 JavaThread "Reference Handler" daemon [_thread_blocked, id=2760, stack(0x0000000056330000,0x0000000056430000)]
=>0x0000000001c9e800 JavaThread "main" [_thread_in_Java, id=6420, stack(0x00000000022e0000,0x00000000023e0000)]

Other Threads:
  0x000000005513f800 VMThread [stack: 0x0000000056230000,0x0000000056330000] [id=5752]
  0x00000000565dc800 WatcherThread [stack: 0x0000000057060000,0x0000000057160000] [id=4056]

VM state:not at safepoint (normal execution)

VM Mutex/Monitor currently owned by a thread: None

Heap:
 PSYoungGen      total 28672K, used 23523K [0x00000000eab00000, 0x00000000ecb00000, 0x0000000100000000)
  eden space 24576K, 95% used [0x00000000eab00000,0x00000000ec1f8f90,0x00000000ec300000)
  from space 4096K, 0% used [0x00000000ec700000,0x00000000ec700000,0x00000000ecb00000)
  to   space 4096K, 0% used [0x00000000ec300000,0x00000000ec300000,0x00000000ec700000)
 ParOldGen       total 65536K, used 0K [0x00000000c0000000, 0x00000000c4000000, 0x00000000eab00000)
  object space 65536K, 0% used [0x00000000c0000000,0x00000000c0000000,0x00000000c4000000)
 Metaspace       used 6484K, capacity 7320K, committed 7424K, reserved 1056768K
  class space    used 689K, capacity 720K, committed 768K, reserved 1048576K

Card table byte_map: [0x0000000011b60000,0x0000000011d70000] byte_map_base: 0x0000000011560000

Marking Bits: (ParMarkBitMap*) 0x0000000066de4040
 Begin Bits: [0x00000000125b0000, 0x00000000135b0000)
 End Bits:   [0x00000000135b0000, 0x00000000145b0000)

Polling page: 0x0000000000330000

CodeCache: size=245760Kb used=3717Kb max_used=3731Kb free=242042Kb
 bounds [0x00000000027a0000, 0x0000000002b50000, 0x00000000117a0000]
 total_blobs=1428 nmethods=1143 adapters=200
 compilation: enabled

Compilation events (10 events):
Event: 0.849 Thread 0x0000000056554800 nmethod 1141 0x0000000002b3bb50 code [0x0000000002b3bce0, 0x0000000002b3c248]
Event: 0.849 Thread 0x0000000056554800 1142       3       com.android.dex.MethodId::writeTo (25 bytes)
Event: 0.849 Thread 0x0000000056554800 nmethod 1142 0x0000000002b3b3d0 code [0x0000000002b3b560, 0x0000000002b3b9c8]
Event: 0.849 Thread 0x0000000056554800 1137       3       com.android.dx.merge.IndexMap::adjust (36 bytes)
Event: 0.850 Thread 0x0000000056554800 nmethod 1137 0x0000000002b3dbd0 code [0x0000000002b3dd80, 0x0000000002b3e570]
Event: 0.850 Thread 0x0000000056554800 1138       3       com.android.dx.merge.IndexMap::adjustProto (10 bytes)
Event: 0.850 Thread 0x0000000056554800 nmethod 1138 0x0000000002b3b010 code [0x0000000002b3b160, 0x0000000002b3b2f0]
Event: 0.850 Thread 0x0000000056554800 1139       3       com.android.dx.merge.DexMerger$6::updateIndex (50 bytes)
Event: 0.850 Thread 0x0000000056550800 nmethod 1136 0x0000000002b3abd0 code [0x0000000002b3ad20, 0x0000000002b3ae38]
Event: 0.850 Thread 0x0000000056550800 1143       4       java.nio.HeapByteBuffer::putShort (20 bytes)

GC Heap History (0 events):
No events

Deoptimization events (9 events):
Event: 0.449 Thread 0x0000000001c9e800 Uncommon trap: reason=unstable_if action=reinterpret pc=0x0000000002959cb8 method=com.android.dx.rop.cst.CstFieldRef.compareTo0(Lcom/android/dx/rop/cst/Constant;)I @ 7
Event: 0.570 Thread 0x0000000001c9e800 Uncommon trap: reason=unstable_if action=reinterpret pc=0x000000000291ffe0 method=java.lang.String.replace(CC)Ljava/lang/String; @ 26
Event: 0.605 Thread 0x0000000001c9e800 Uncommon trap: reason=bimorphic action=maybe_recompile pc=0x0000000002a19684 method=java.util.HashMap.getNode(ILjava/lang/Object;)Ljava/util/HashMap$Node; @ 126
Event: 0.605 Thread 0x0000000001c9e800 Uncommon trap: reason=bimorphic action=maybe_recompile pc=0x0000000002a19684 method=java.util.HashMap.getNode(ILjava/lang/Object;)Ljava/util/HashMap$Node; @ 126
Event: 0.605 Thread 0x0000000001c9e800 Uncommon trap: reason=bimorphic action=maybe_recompile pc=0x0000000002a19684 method=java.util.HashMap.getNode(ILjava/lang/Object;)Ljava/util/HashMap$Node; @ 126
Event: 0.605 Thread 0x0000000001c9e800 Uncommon trap: reason=bimorphic action=maybe_recompile pc=0x0000000002a19684 method=java.util.HashMap.getNode(ILjava/lang/Object;)Ljava/util/HashMap$Node; @ 126
Event: 0.605 Thread 0x0000000001c9e800 Uncommon trap: reason=bimorphic action=maybe_recompile pc=0x000000000298d6f0 method=java.util.HashMap.getNode(ILjava/lang/Object;)Ljava/util/HashMap$Node; @ 126
Event: 0.659 Thread 0x0000000001c9e800 Uncommon trap: reason=unstable_if action=reinterpret pc=0x0000000002a92a14 method=com.android.dx.util.ByteArrayAnnotatedOutput.writeByte(I)V @ 13
Event: 0.769 Thread 0x0000000001c9e800 Uncommon trap: reason=predicate action=maybe_recompile pc=0x0000000002ae7e1c method=com.android.dex.Leb128.writeUnsignedLeb128(Lcom/android/dex/util/ByteOutput;I)V @ 9

Internal exceptions (2 events):
Event: 0.056 Thread 0x0000000001c9e800 Exception <a 'java/lang/NoSuchMethodError': Method sun.misc.Unsafe.defineClass(Ljava/lang/String;[BII)Ljava/lang/Class; name or signature does not match> (0x00000000eab0d428) thrown at [D:\re\workspace\8-2-build-windows-amd64-cygwin\jdk8u40\2855\hotspot\srf‚ëÑz—¬?
Event: 0.056 Thread 0x0000000001c9e800 Exception <a 'java/lang/NoSuchMethodError': Method sun.misc.Unsafe.prefetchRead(Ljava/lang/Object;J)V name or signature does not match> (0x00000000eab0d6b8) thrown at [D:\re\workspace\8-2-build-windows-amd64-cygwin\jdk8u40\2855\hotspot\src\share\vm\prims\j

Events (10 events):
Event: 0.822 loading class java/util/Formatter$Conversion
Event: 0.822 loading class java/util/Formatter$Conversion done
Event: 0.824 loading class sun/misc/FormattedFloatingDecimal$Form
Event: 0.824 loading class sun/misc/FormattedFloatingDecimal$Form done
Event: 0.825 loading class sun/misc/FormattedFloatingDecimal
Event: 0.825 loading class sun/misc/FormattedFloatingDecimal done
Event: 0.825 loading class sun/misc/FormattedFloatingDecimal$1
Event: 0.825 loading class sun/misc/FormattedFloatingDecimal$1 done
Event: 0.825 loading class sun/misc/FormattedFloatingDecimal$2
Event: 0.825 loading class sun/misc/FormattedFloatingDecimal$2 done


Dynamic libraries:
0x000000013f630000 - 0x000000013f667000 	C:\Program Files\Java\jdk1.8.0_40\bin\java.exe
0x00000000779f0000 - 0x0000000077b9a000 	C:\Windows\SYSTEM32\ntdll.dll
0x00000000778d0000 - 0x00000000779ef000 	C:\Windows\system32\kernel32.dll
0x000007fefd7d0000 - 0x000007fefd83c000 	C:\Windows\system32\KERNELBASE.dll
0x000007fefe7a0000 - 0x000007fefe87b000 	C:\Windows\system32\ADVAPI32.dll
0x000007feff980000 - 0x000007feffa1f000 	C:\Windows\system32\msvcrt.dll
0x000007fefe500000 - 0x000007fefe51f000 	C:\Windows\SYSTEM32\sechost.dll
0x000007feffa90000 - 0x000007feffbbd000 	C:\Windows\system32\RPCRT4.dll
0x00000000777d0000 - 0x00000000778ca000 	C:\Windows\system32\USER32.dll
0x000007feffa20000 - 0x000007feffa87000 	C:\Windows\system32\GDI32.dll
0x000007fefe520000 - 0x000007fefe52e000 	C:\Windows\system32\LPK.dll
0x000007fefdb70000 - 0x000007fefdc39000 	C:\Windows\system32\USP10.dll
0x000007fefc1f0000 - 0x000007fefc3e4000 	C:\Windows\WinSxS\amd64_microsoft.windows.common-controls_6595b64144ccf1df_6.0.7601.17514_none_fa396087175ac9ac\COMCTL32.dll
0x000007fefe8a0000 - 0x000007fefe911000 	C:\Windows\system32\SHLWAPI.dll
0x000007fefe160000 - 0x000007fefe18e000 	C:\Windows\system32\IMM32.DLL
0x000007fefe5b0000 - 0x000007fefe6b9000 	C:\Windows\system32\MSCTF.dll
0x00000000742f0000 - 0x00000000743c2000 	C:\Program Files\Java\jdk1.8.0_40\jre\bin\msvcr100.dll
0x00000000665e0000 - 0x0000000066e63000 	C:\Program Files\Java\jdk1.8.0_40\jre\bin\server\jvm.dll
0x000007fef8320000 - 0x000007fef8329000 	C:\Windows\system32\WSOCK32.dll
0x000007feff930000 - 0x000007feff97d000 	C:\Windows\system32\WS2_32.dll
0x000007feff710000 - 0x000007feff718000 	C:\Windows\system32\NSI.dll
0x000007fefb560000 - 0x000007fefb59b000 	C:\Windows\system32\WINMM.dll
0x000007fefc880000 - 0x000007fefc88c000 	C:\Windows\system32\VERSION.dll
0x0000000077bb0000 - 0x0000000077bb7000 	C:\Windows\system32\PSAPI.DLL
0x00000000752b0000 - 0x00000000752bf000 	C:\Program Files\Java\jdk1.8.0_40\jre\bin\verify.dll
0x0000000075280000 - 0x00000000752a9000 	C:\Program Files\Java\jdk1.8.0_40\jre\bin\java.dll
0x0000000075260000 - 0x0000000075276000 	C:\Program Files\Java\jdk1.8.0_40\jre\bin\zip.dll
0x000007fefe920000 - 0x000007feff6ab000 	C:\Windows\system32\SHELL32.dll
0x000007feff720000 - 0x000007feff923000 	C:\Windows\system32\ole32.dll
0x000007fefd7c0000 - 0x000007fefd7cf000 	C:\Windows\system32\profapi.dll
0x000007fef6a90000 - 0x000007fef6bb5000 	C:\Windows\system32\dbghelp.dll

VM Arguments:
jvm_args: -Xmx1024M -Dfile.encoding=windows-1252 -Duser.country=US -Duser.language=en -Duser.variant 
java_command: com.android.dx.command.Main --dex --output C:\Users\Mark\AndroidStudioProjects\RekhaCode\app\build\intermediates\dex\debug C:\Users\Mark\AndroidStudioProjects\RekhaCode\app\build\intermediates\classes\debug C:\Users\Mark\AndroidStudioProjects\RekhaCode\app\build\intermediates\pre-dexed\debug\support-annotations-22.0.0-f23799994b6bd1d32c25e4497a925f3d24f3bef9.jar C:\Users\Mark\AndroidStudioProjects\RekhaCode\app\build\intermediates\pre-dexed\debug\internal_impl-22.0.0-bd141a0fbcc14c85abe9f7c88b50846c4c4c1959.jar C:\Users\Mark\AndroidStudioProjects\RekhaCode\app\build\intermediates\pre-dexed\debug\classes-1019d7a919d9eaea77a2d94907b1f2c8add58f11.jar C:\Users\Mark\AndroidStudioProjects\RekhaCode\app\build\intermediates\pre-dexed\debug\classes-6eaf4ae9c21ea6a4c3f069c2a8a9bffa4dfeafce.jar
java_class_path (initial): C:\Users\Mark\AppData\Local\Android\sdk\build-tools\21.1.2\lib\dx.jar
Launcher Type: SUN_STANDARD

Environment Variables:
PATH=C:\Program Files (x86)\Google\Chrome\Application;C:\ProgramData\Oracle\Java\javapath;C:\Program Files (x86)\NVIDIA Corporation\PhysX\Common;C:\Windows\system32;C:\Windows;C:\Windows\System32\Wbem;C:\Windows\System32\WindowsPowerShell\v1.0\;C:\Program Files (x86)\Skype\Phone\
USERNAME=Mark
OS=Windows_NT
PROCESSOR_IDENTIFIER=Intel64 Family 6 Model 15 Stepping 11, GenuineIntel



---------------  S Y S T E M  ---------------

OS: Windows 7 , 64 bit Build 7601 (6.1.7601.18409)

CPU:total 4 (4 cores per cpu, 1 threads per core) family 6 model 15 stepping 11, cmov, cx8, fxsr, mmx, sse, sse2, sse3, ssse3, tsc

Memory: 4k page, physical 6290600k(833244k free), swap 12579340k(5599192k free)

vm_info: Java HotSpot(TM) 64-Bit Server VM (25.40-b25) for windows-amd64 JRE (1.8.0_40-b25), built on Feb 10 2015 21:53:57 by "java_re" with MS VC++ 10.0 (VS2010)

time: Wed Mar 18 14:36:55 2015
elapsed time: 0 seconds (0d 0h 0m 0s)

