#
# A fatal error has been detected by the Java Runtime Environment:
#
#  EXCEPTION_ACCESS_VIOLATION (0xc0000005) at pc=0xffffffffa3b05120, pid=6300, tid=3648
#
# JRE version: Java(TM) SE Runtime Environment (8.0_40-b25) (build 1.8.0_40-b25)
# Java VM: Java HotSpot(TM) 64-Bit Server VM (25.40-b25 mixed mode windows-amd64 compressed oops)
# Problematic frame:
# C  0xffffffffa3b05120
#
# Failed to write core dump. Minidumps are not enabled by default on client versions of Windows
#
# If you would like to submit a bug report, please visit:
#   http://bugreport.java.com/bugreport/crash.jsp
#

---------------  T H R E A D  ---------------

Current thread (0x00000000022fd800):  JavaThread "main" [_thread_in_Java, id=3648, stack(0x0000000002730000,0x0000000002830000)]

siginfo: ExceptionCode=0xc0000005, ExceptionInformation=0x0000000000000008 0xffffffffa3b05120

Registers:
RAX=0x00000000550e18b8, RBX=0x00000000550e18b8, RCX=0x00000000ee15e100, RDX=0x00000000ee15e100
RSP=0x000000000282f3c8, RBP=0x000000000282f428, RSI=0x00000000118c0000, RDI=0x0000000054e2df30
R8 =0x0000000000000004, R9 =0x0000000002337860, R10=0x0000000066dcbba0, R11=0x000000000348cd40
R12=0x0000000000000000, R13=0x000000000282f3e0, R14=0x0000000000000000, R15=0x00000000022fd800
RIP=0xffffffffa3b05120, EFLAGS=0x0000000000010202

Top of Stack: (sp=0x000000000282f3c8)
0x000000000282f3c8:   0000000002b07790 000000000282f428
0x000000000282f3d8:   0000000002b07790 00000000ee15e100
0x000000000282f3e8:   000000000282f3e8 000000005521769c
0x000000000282f3f8:   000000000282f4a0 0000000055218008
0x000000000282f408:   0000000000000000 00000000552177f0
0x000000000282f418:   000000000282f3e0 000000000282f498
0x000000000282f428:   000000000282f4e8 0000000002b07a01
0x000000000282f438:   00000000c05f3248 00000000ee15e100
0x000000000282f448:   00000000efb1bb38 0000000000000ab2
0x000000000282f458:   00000000ee3024b0 00000000ee3cea90
0x000000000282f468:   00000000c05f3248 00000000c04b4118
0x000000000282f478:   0000000000000001 000000000000000d
0x000000000282f488:   00000000c0398868 00000000efb1ba00
0x000000000282f498:   00000000c04b3c28 00000000c0398868
0x000000000282f4a8:   000000000282f4a8 0000000054f767c4
0x000000000282f4b8:   000000000282f540 0000000054f7d9a8 

Instructions: (pc=0xffffffffa3b05120)
0xffffffffa3b05100:   
[error occurred during error reporting (printing registers, top of stack, instructions near pc), id 0xc0000005]

Register to memory mapping:

RAX={method} {0x00000000550e18c0} 'itemType' '()Lcom/android/dx/dex/file/ItemType;' in 'com/android/dx/dex/file/StringIdItem'
RBX={method} {0x00000000550e18c0} 'itemType' '()Lcom/android/dx/dex/file/ItemType;' in 'com/android/dx/dex/file/StringIdItem'
RCX=0x00000000ee15e100 is an oop
com.android.dx.dex.file.StringIdItem 
 - klass: 'com/android/dx/dex/file/StringIdItem'
RDX=0x00000000ee15e100 is an oop
com.android.dx.dex.file.StringIdItem 
 - klass: 'com/android/dx/dex/file/StringIdItem'
RSP=0x000000000282f3c8 is pointing into the stack for thread: 0x00000000022fd800
RBP=0x000000000282f428 is pointing into the stack for thread: 0x00000000022fd800
RSI=0x00000000118c0000 is an unknown value
RDI=0x0000000054e2df30 is pointing into metadata
R8 =0x0000000000000004 is an unknown value
R9 =0x0000000002337860 is an unknown value
R10=0x0000000066dcbba0 is an unknown value
R11=0x000000000348cd40 is at entry_point+32 in (nmethod*)0x000000000348cbd0
R12=0x0000000000000000 is an unknown value
R13=0x000000000282f3e0 is pointing into the stack for thread: 0x00000000022fd800
R14=0x0000000000000000 is an unknown value
R15=0x00000000022fd800 is a thread


Stack: [0x0000000002730000,0x0000000002830000],  sp=0x000000000282f3c8,  free space=1020k
Native frames: (J=compiled Java code, j=interpreted, Vv=VM code, C=native code)
C  0xffffffffa3b05120


---------------  P R O C E S S  ---------------

Java Threads: ( => current thread )
  0x000000005555e000 JavaThread "Service Thread" daemon [_thread_blocked, id=2672, stack(0x0000000057100000,0x0000000057200000)]
  0x000000005555b000 JavaThread "C1 CompilerThread2" daemon [_thread_blocked, id=6508, stack(0x0000000056bc0000,0x0000000056cc0000)]
  0x000000005555a000 JavaThread "C2 CompilerThread1" daemon [_thread_in_native, id=4372, stack(0x00000000568d0000,0x00000000569d0000)]
  0x0000000055555000 JavaThread "C2 CompilerThread0" daemon [_thread_in_native, id=5412, stack(0x0000000056a20000,0x0000000056b20000)]
  0x0000000055551800 JavaThread "Attach Listener" daemon [_thread_blocked, id=6004, stack(0x00000000567a0000,0x00000000568a0000)]
  0x0000000055550800 JavaThread "Signal Dispatcher" daemon [_thread_blocked, id=892, stack(0x00000000565b0000,0x00000000566b0000)]
  0x00000000554f1000 JavaThread "Finalizer" daemon [_thread_blocked, id=4556, stack(0x0000000056390000,0x0000000056490000)]
  0x00000000554ef800 JavaThread "Reference Handler" daemon [_thread_blocked, id=4356, stack(0x0000000056490000,0x0000000056590000)]
=>0x00000000022fd800 JavaThread "main" [_thread_in_Java, id=3648, stack(0x0000000002730000,0x0000000002830000)]

Other Threads:
  0x00000000554ea000 VMThread [stack: 0x0000000056230000,0x0000000056330000] [id=4172]
  0x0000000056cc0800 WatcherThread [stack: 0x0000000057290000,0x0000000057390000] [id=3332]

VM state:not at safepoint (normal execution)

VM Mutex/Monitor currently owned by a thread: None

Heap:
 PSYoungGen      total 214016K, used 104469K [0x00000000eab00000, 0x00000000f9900000, 0x0000000100000000)
  eden space 193536K, 44% used [0x00000000eab00000,0x00000000efe32170,0x00000000f6800000)
  from space 20480K, 94% used [0x00000000f7f00000,0x00000000f91d3488,0x00000000f9300000)
  to   space 23552K, 0% used [0x00000000f6800000,0x00000000f6800000,0x00000000f7f00000)
 ParOldGen       total 65536K, used 33877K [0x00000000c0000000, 0x00000000c4000000, 0x00000000eab00000)
  object space 65536K, 51% used [0x00000000c0000000,0x00000000c21157a8,0x00000000c4000000)
 Metaspace       used 6482K, capacity 7536K, committed 7808K, reserved 1056768K
  class space    used 597K, capacity 616K, committed 640K, reserved 1048576K

Card table byte_map: [0x0000000011ec0000,0x00000000120d0000] byte_map_base: 0x00000000118c0000

Marking Bits: (ParMarkBitMap*) 0x0000000066de4040
 Begin Bits: [0x0000000012960000, 0x0000000013960000)
 End Bits:   [0x0000000013960000, 0x0000000014960000)

Polling page: 0x0000000000130000

CodeCache: size=245760Kb used=9911Kb max_used=9952Kb free=235848Kb
 bounds [0x0000000002b00000, 0x00000000034c0000, 0x0000000011b00000]
 total_blobs=2575 nmethods=2310 adapters=179
 compilation: enabled

Compilation events (10 events):
Event: 25.386 Thread 0x0000000055555000 nmethod 1999 0x000000000348d1d0 code [0x000000000348d320, 0x000000000348d478]
Event: 25.386 Thread 0x0000000055555000 1739       4       java.util.HashMap::resize (359 bytes)
Event: 25.398 Thread 0x0000000055555000 nmethod 1739 0x000000000349ad50 code [0x000000000349aee0, 0x000000000349b418]
Event: 25.398 Thread 0x0000000055555000 2051       4       java.util.TreeMap::successor (66 bytes)
Event: 25.401 Thread 0x0000000055555000 nmethod 2051 0x000000000348cf10 code [0x000000000348d040, 0x000000000348d0f8]
Event: 25.401 Thread 0x0000000055555000 2272       4       com.android.dx.dex.code.LocalList$MakeState::snapshot (110 bytes)
Event: 25.402 Thread 0x000000005555b000 2421       2       com.android.dx.dex.file.StringIdItem::itemType (4 bytes)
Event: 25.402 Thread 0x000000005555b000 nmethod 2421 0x000000000348cbd0 code [0x000000000348cd20, 0x000000000348ce70]
Event: 25.404 Thread 0x000000005555b000 2422       1       com.android.dx.dex.file.StringIdItem::itemType (4 bytes)
Event: 25.404 Thread 0x000000005555b000 nmethod 2422 0x000000000349c0d0 code [0x000000000349c220, 0x000000000349c330]

GC Heap History (10 events):
Event: 13.725 GC heap before
{Heap before GC invocations=2 (full 0):
 PSYoungGen      total 28672K, used 28645K [0x00000000eab00000, 0x00000000ee300000, 0x0000000100000000)
  eden space 24576K, 100% used [0x00000000eab00000,0x00000000ec300000,0x00000000ec300000)
  from space 4096K, 99% used [0x00000000ec300000,0x00000000ec6f9400,0x00000000ec700000)
  to   space 4096K, 0% used [0x00000000edf00000,0x00000000edf00000,0x00000000ee300000)
 ParOldGen       total 65536K, used 1330K [0x00000000c0000000, 0x00000000c4000000, 0x00000000eab00000)
  object space 65536K, 2% used [0x00000000c0000000,0x00000000c014c958,0x00000000c4000000)
 Metaspace       used 5807K, capacity 7024K, committed 7296K, reserved 1056768K
  class space    used 555K, capacity 616K, committed 640K, reserved 1048576K
Event: 14.275 GC heap after
Heap after GC invocations=2 (full 0):
 PSYoungGen      total 53248K, used 4095K [0x00000000eab00000, 0x00000000ee300000, 0x0000000100000000)
  eden space 49152K, 0% used [0x00000000eab00000,0x00000000eab00000,0x00000000edb00000)
  from space 4096K, 99% used [0x00000000edf00000,0x00000000ee2ffe28,0x00000000ee300000)
  to   space 4096K, 0% used [0x00000000edb00000,0x00000000edb00000,0x00000000edf00000)
 ParOldGen       total 65536K, used 4075K [0x00000000c0000000, 0x00000000c4000000, 0x00000000eab00000)
  object space 65536K, 6% used [0x00000000c0000000,0x00000000c03faf08,0x00000000c4000000)
 Metaspace       used 5807K, capacity 7024K, committed 7296K, reserved 1056768K
  class space    used 555K, capacity 616K, committed 640K, reserved 1048576K
}
Event: 17.182 GC heap before
{Heap before GC invocations=3 (full 0):
 PSYoungGen      total 53248K, used 53247K [0x00000000eab00000, 0x00000000ee300000, 0x0000000100000000)
  eden space 49152K, 100% used [0x00000000eab00000,0x00000000edb00000,0x00000000edb00000)
  from space 4096K, 99% used [0x00000000edf00000,0x00000000ee2ffe28,0x00000000ee300000)
  to   space 4096K, 0% used [0x00000000edb00000,0x00000000edb00000,0x00000000edf00000)
 ParOldGen       total 65536K, used 4075K [0x00000000c0000000, 0x00000000c4000000, 0x00000000eab00000)
  object space 65536K, 6% used [0x00000000c0000000,0x00000000c03faf08,0x00000000c4000000)
 Metaspace       used 5866K, capacity 7088K, committed 7296K, reserved 1056768K
  class space    used 556K, capacity 616K, committed 640K, reserved 1048576K
Event: 17.492 GC heap after
Heap after GC invocations=3 (full 0):
 PSYoungGen      total 53248K, used 4067K [0x00000000eab00000, 0x00000000f1300000, 0x0000000100000000)
  eden space 49152K, 0% used [0x00000000eab00000,0x00000000eab00000,0x00000000edb00000)
  from space 4096K, 99% used [0x00000000edb00000,0x00000000edef8c68,0x00000000edf00000)
  to   space 4096K, 0% used [0x00000000f0f00000,0x00000000f0f00000,0x00000000f1300000)
 ParOldGen       total 65536K, used 10885K [0x00000000c0000000, 0x00000000c4000000, 0x00000000eab00000)
  object space 65536K, 16% used [0x00000000c0000000,0x00000000c0aa1518,0x00000000c4000000)
 Metaspace       used 5866K, capacity 7088K, committed 7296K, reserved 1056768K
  class space    used 556K, capacity 616K, committed 640K, reserved 1048576K
}
Event: 19.518 GC heap before
{Heap before GC invocations=4 (full 0):
 PSYoungGen      total 53248K, used 53219K [0x00000000eab00000, 0x00000000f1300000, 0x0000000100000000)
  eden space 49152K, 100% used [0x00000000eab00000,0x00000000edb00000,0x00000000edb00000)
  from space 4096K, 99% used [0x00000000edb00000,0x00000000edef8c68,0x00000000edf00000)
  to   space 4096K, 0% used [0x00000000f0f00000,0x00000000f0f00000,0x00000000f1300000)
 ParOldGen       total 65536K, used 10885K [0x00000000c0000000, 0x00000000c4000000, 0x00000000eab00000)
  object space 65536K, 16% used [0x00000000c0000000,0x00000000c0aa1518,0x00000000c4000000)
 Metaspace       used 5898K, capacity 7088K, committed 7296K, reserved 1056768K
  class space    used 557K, capacity 616K, committed 640K, reserved 1048576K
Event: 19.677 GC heap after
Heap after GC invocations=4 (full 0):
 PSYoungGen      total 102400K, used 4080K [0x00000000eab00000, 0x00000000f1300000, 0x0000000100000000)
  eden space 98304K, 0% used [0x00000000eab00000,0x00000000eab00000,0x00000000f0b00000)
  from space 4096K, 99% used [0x00000000f0f00000,0x00000000f12fc2b0,0x00000000f1300000)
  to   space 4096K, 0% used [0x00000000f0b00000,0x00000000f0b00000,0x00000000f0f00000)
 ParOldGen       total 65536K, used 18793K [0x00000000c0000000, 0x00000000c4000000, 0x00000000eab00000)
  object space 65536K, 28% used [0x00000000c0000000,0x00000000c125a4c8,0x00000000c4000000)
 Metaspace       used 5898K, capacity 7088K, committed 7296K, reserved 1056768K
  class space    used 557K, capacity 616K, committed 640K, reserved 1048576K
}
Event: 21.598 GC heap before
{Heap before GC invocations=5 (full 0):
 PSYoungGen      total 102400K, used 102384K [0x00000000eab00000, 0x00000000f1300000, 0x0000000100000000)
  eden space 98304K, 100% used [0x00000000eab00000,0x00000000f0b00000,0x00000000f0b00000)
  from space 4096K, 99% used [0x00000000f0f00000,0x00000000f12fc2b0,0x00000000f1300000)
  to   space 4096K, 0% used [0x00000000f0b00000,0x00000000f0b00000,0x00000000f0f00000)
 ParOldGen       total 65536K, used 18793K [0x00000000c0000000, 0x00000000c4000000, 0x00000000eab00000)
  object space 65536K, 28% used [0x00000000c0000000,0x00000000c125a4c8,0x00000000c4000000)
 Metaspace       used 5935K, capacity 7152K, committed 7296K, reserved 1056768K
  class space    used 557K, capacity 616K, committed 640K, reserved 1048576K
Event: 21.834 GC heap after
Heap after GC invocations=5 (full 0):
 PSYoungGen      total 102400K, used 4077K [0x00000000eab00000, 0x00000000f9300000, 0x0000000100000000)
  eden space 98304K, 0% used [0x00000000eab00000,0x00000000eab00000,0x00000000f0b00000)
  from space 4096K, 99% used [0x00000000f0b00000,0x00000000f0efb598,0x00000000f0f00000)
  to   space 20480K, 0% used [0x00000000f7f00000,0x00000000f7f00000,0x00000000f9300000)
 ParOldGen       total 65536K, used 33877K [0x00000000c0000000, 0x00000000c4000000, 0x00000000eab00000)
  object space 65536K, 51% used [0x00000000c0000000,0x00000000c21157a8,0x00000000c4000000)
 Metaspace       used 5935K, capacity 7152K, committed 7296K, reserved 1056768K
  class space    used 557K, capacity 616K, committed 640K, reserved 1048576K
}
Event: 23.110 GC heap before
{Heap before GC invocations=6 (full 0):
 PSYoungGen      total 102400K, used 102381K [0x00000000eab00000, 0x00000000f9300000, 0x0000000100000000)
  eden space 98304K, 100% used [0x00000000eab00000,0x00000000f0b00000,0x00000000f0b00000)
  from space 4096K, 99% used [0x00000000f0b00000,0x00000000f0efb598,0x00000000f0f00000)
  to   space 20480K, 0% used [0x00000000f7f00000,0x00000000f7f00000,0x00000000f9300000)
 ParOldGen       total 65536K, used 33877K [0x00000000c0000000, 0x00000000c4000000, 0x00000000eab00000)
  object space 65536K, 51% used [0x00000000c0000000,0x00000000c21157a8,0x00000000c4000000)
 Metaspace       used 5997K, capacity 7152K, committed 7296K, reserved 1056768K
  class space    used 568K, capacity 616K, committed 640K, reserved 1048576K
Event: 23.380 GC heap after
Heap after GC invocations=6 (full 0):
 PSYoungGen      total 214016K, used 19277K [0x00000000eab00000, 0x00000000f9900000, 0x0000000100000000)
  eden space 193536K, 0% used [0x00000000eab00000,0x00000000eab00000,0x00000000f6800000)
  from space 20480K, 94% used [0x00000000f7f00000,0x00000000f91d3488,0x00000000f9300000)
  to   space 23552K, 0% used [0x00000000f6800000,0x00000000f6800000,0x00000000f7f00000)
 ParOldGen       total 65536K, used 33877K [0x00000000c0000000, 0x00000000c4000000, 0x00000000eab00000)
  object space 65536K, 51% used [0x00000000c0000000,0x00000000c21157a8,0x00000000c4000000)
 Metaspace       used 5997K, capacity 7152K, committed 7296K, reserved 1056768K
  class space    used 568K, capacity 616K, committed 640K, reserved 1048576K
}

Deoptimization events (10 events):
Event: 23.528 Thread 0x00000000022fd800 Uncommon trap: reason=unstable_if action=reinterpret pc=0x000000000318c8e0 method=java.util.HashMap.getNode(ILjava/lang/Object;)Ljava/util/HashMap$Node; @ 84
Event: 23.558 Thread 0x00000000022fd800 Uncommon trap: reason=unstable_if action=reinterpret pc=0x00000000031e053c method=java.util.HashMap.getNode(ILjava/lang/Object;)Ljava/util/HashMap$Node; @ 84
Event: 24.081 Thread 0x00000000022fd800 Uncommon trap: reason=class_check action=maybe_recompile pc=0x0000000002fd88d4 method=java.util.Arrays.hashCode([Ljava/lang/Object;)I @ 43
Event: 24.081 Thread 0x00000000022fd800 Uncommon trap: reason=class_check action=maybe_recompile pc=0x0000000002fd88d4 method=java.util.Arrays.hashCode([Ljava/lang/Object;)I @ 43
Event: 24.081 Thread 0x00000000022fd800 Uncommon trap: reason=class_check action=maybe_recompile pc=0x0000000002fd88d4 method=java.util.Arrays.hashCode([Ljava/lang/Object;)I @ 43
Event: 24.081 Thread 0x00000000022fd800 Uncommon trap: reason=class_check action=maybe_recompile pc=0x0000000002fd88d4 method=java.util.Arrays.hashCode([Ljava/lang/Object;)I @ 43
Event: 24.176 Thread 0x00000000022fd800 Uncommon trap: reason=class_check action=maybe_recompile pc=0x00000000030b6bcc method=java.util.HashMap.putVal(ILjava/lang/Object;Ljava/lang/Object;ZZ)Ljava/lang/Object; @ 203
Event: 24.333 Thread 0x00000000022fd800 Uncommon trap: reason=unstable_if action=reinterpret pc=0x00000000033970ec method=java.util.HashMap.putVal(ILjava/lang/Object;Ljava/lang/Object;ZZ)Ljava/lang/Object; @ 94
Event: 24.600 Thread 0x00000000022fd800 Uncommon trap: reason=unstable_if action=reinterpret pc=0x00000000032e0998 method=java.util.TreeMap.put(Ljava/lang/Object;Ljava/lang/Object;)Ljava/lang/Object; @ 163
Event: 25.334 Thread 0x00000000022fd800 Uncommon trap: reason=unstable_if action=reinterpret pc=0x0000000002f20fbc method=java.lang.Long.numberOfTrailingZeros(J)I @ 3

Internal exceptions (7 events):
Event: 0.174 Thread 0x00000000022fd800 Exception <a 'java/lang/NoSuchMethodError': Method sun.misc.Unsafe.defineClass(Ljava/lang/String;[BII)Ljava/lang/Class; name or signature does not match> (0x00000000eab0d078) thrown at [D:\re\workspace\8-2-build-windows-amd64-cygwin\jdk8u40\2855\hotspot\sr'ï¶3§BÆ?
Event: 0.174 Thread 0x00000000022fd800 Exception <a 'java/lang/NoSuchMethodError': Method sun.misc.Unsafe.prefetchRead(Ljava/lang/Object;J)V name or signature does not match> (0x00000000eab0d308) thrown at [D:\re\workspace\8-2-build-windows-amd64-cygwin\jdk8u40\2855\hotspot\src\share\vm\prims\j‘ú¬=+@
Event: 13.620 Thread 0x00000000022fd800 Implicit null exception at 0x0000000002f0ba92 to 0x0000000002f0bb31
Event: 19.000 Thread 0x00000000022fd800 Implicit null exception at 0x00000000031b90c5 to 0x00000000031ba351
Event: 23.063 Thread 0x00000000022fd800 Exception <a 'java/lang/ArrayIndexOutOfBoundsException': 18> (0x00000000f0748590) thrown at [D:\re\workspace\8-2-build-windows-amd64-cygwin\jdk8u40\2855\hotspot\src\share\vm\interpreter\interpreterRuntime.cpp, line 366]
Event: 23.523 Thread 0x00000000022fd800 Exception <a 'java/lang/ArrayIndexOutOfBoundsException': 145> (0x00000000eb430980) thrown at [D:\re\workspace\8-2-build-windows-amd64-cygwin\jdk8u40\2855\hotspot\src\share\vm\interpreter\interpreterRuntime.cpp, line 366]
Event: 23.527 Thread 0x00000000022fd800 Exception <a 'java/lang/ArrayIndexOutOfBoundsException'> (0x00000000eb431bb8) thrown at [D:\re\workspace\8-2-build-windows-amd64-cygwin\jdk8u40\2855\hotspot\src\share\vm\runtime\sharedRuntime.cpp, line 605]

Events (10 events):
Event: 25.304 Thread 0x00000000022fd800 DEOPT UNPACKING pc=0x0000000002b471bf sp=0x000000000282ead8 mode 0
Event: 25.314 Thread 0x00000000022fd800 DEOPT PACKING pc=0x00000000034626b7 sp=0x000000000282efe0
Event: 25.314 Thread 0x00000000022fd800 DEOPT UNPACKING pc=0x0000000002b471bf sp=0x000000000282ed80 mode 0
Event: 25.316 loading class com/android/dex/EncodedValueCodec
Event: 25.316 loading class com/android/dex/EncodedValueCodec done
Event: 25.334 Thread 0x00000000022fd800 Uncommon trap: trap_request=0xffffff65 fr.pc=0x0000000002f20fbc
Event: 25.334 Thread 0x00000000022fd800 DEOPT PACKING pc=0x0000000002f20fbc sp=0x000000000282f000
Event: 25.334 Thread 0x00000000022fd800 DEOPT UNPACKING pc=0x0000000002b4556a sp=0x000000000282ef90 mode 2
Event: 25.401 loading class com/android/dx/dex/file/MapItem
Event: 25.401 loading class com/android/dx/dex/file/MapItem done


Dynamic libraries:
0x000000013f630000 - 0x000000013f667000 	C:\Program Files\Java\jdk1.8.0_40\bin\java.exe
0x00000000779f0000 - 0x0000000077b9a000 	C:\Windows\SYSTEM32\ntdll.dll
0x00000000778d0000 - 0x00000000779ef000 	C:\Windows\system32\kernel32.dll
0x000007fefd7d0000 - 0x000007fefd83c000 	C:\Windows\system32\KERNELBASE.dll
0x000007fefe7a0000 - 0x000007fefe87b000 	C:\Windows\system32\ADVAPI32.dll
0x000007feff980000 - 0x000007feffa1f000 	C:\Windows\system32\msvcrt.dll
0x000007fefe500000 - 0x000007fefe51f000 	C:\Windows\SYSTEM32\sechost.dll
0x000007feffa90000 - 0x000007feffbbd000 	C:\Windows\system32\RPCRT4.dll
0x00000000777d0000 - 0x00000000778ca000 	C:\Windows\system32\USER32.dll
0x000007feffa20000 - 0x000007feffa87000 	C:\Windows\system32\GDI32.dll
0x000007fefe520000 - 0x000007fefe52e000 	C:\Windows\system32\LPK.dll
0x000007fefdb70000 - 0x000007fefdc39000 	C:\Windows\system32\USP10.dll
0x000007fefc1f0000 - 0x000007fefc3e4000 	C:\Windows\WinSxS\amd64_microsoft.windows.common-controls_6595b64144ccf1df_6.0.7601.17514_none_fa396087175ac9ac\COMCTL32.dll
0x000007fefe8a0000 - 0x000007fefe911000 	C:\Windows\system32\SHLWAPI.dll
0x000007fefe160000 - 0x000007fefe18e000 	C:\Windows\system32\IMM32.DLL
0x000007fefe5b0000 - 0x000007fefe6b9000 	C:\Windows\system32\MSCTF.dll
0x00000000742f0000 - 0x00000000743c2000 	C:\Program Files\Java\jdk1.8.0_40\jre\bin\msvcr100.dll
0x00000000665e0000 - 0x0000000066e63000 	C:\Program Files\Java\jdk1.8.0_40\jre\bin\server\jvm.dll
0x000007fef8320000 - 0x000007fef8329000 	C:\Windows\system32\WSOCK32.dll
0x000007feff930000 - 0x000007feff97d000 	C:\Windows\system32\WS2_32.dll
0x000007feff710000 - 0x000007feff718000 	C:\Windows\system32\NSI.dll
0x000007fefb560000 - 0x000007fefb59b000 	C:\Windows\system32\WINMM.dll
0x000007fefc880000 - 0x000007fefc88c000 	C:\Windows\system32\VERSION.dll
0x0000000077bb0000 - 0x0000000077bb7000 	C:\Windows\system32\PSAPI.DLL
0x00000000752b0000 - 0x00000000752bf000 	C:\Program Files\Java\jdk1.8.0_40\jre\bin\verify.dll
0x0000000075280000 - 0x00000000752a9000 	C:\Program Files\Java\jdk1.8.0_40\jre\bin\java.dll
0x0000000075260000 - 0x0000000075276000 	C:\Program Files\Java\jdk1.8.0_40\jre\bin\zip.dll
0x000007fefe920000 - 0x000007feff6ab000 	C:\Windows\system32\SHELL32.dll
0x000007feff720000 - 0x000007feff923000 	C:\Windows\system32\ole32.dll
0x000007fefd7c0000 - 0x000007fefd7cf000 	C:\Windows\system32\profapi.dll
0x000007fef6a90000 - 0x000007fef6bb5000 	C:\Windows\system32\dbghelp.dll

VM Arguments:
jvm_args: -Xmx1024M -Dfile.encoding=windows-1252 -Duser.country=US -Duser.language=en -Duser.variant 
java_command: com.android.dx.command.Main --dex --output C:\Users\Mark\AndroidStudioProjects\RekhaCode\app\build\intermediates\pre-dexed\debug\classes-6eaf4ae9c21ea6a4c3f069c2a8a9bffa4dfeafce.jar C:\Users\Mark\AndroidStudioProjects\RekhaCode\app\build\intermediates\exploded-aar\com.android.support\support-v4\22.0.0\classes.jar
java_class_path (initial): C:\Users\Mark\AppData\Local\Android\sdk\build-tools\21.1.2\lib\dx.jar
Launcher Type: SUN_STANDARD

Environment Variables:
PATH=C:\ProgramData\Oracle\Java\javapath;C:\Program Files (x86)\NVIDIA Corporation\PhysX\Common;C:\Windows\system32;C:\Windows;C:\Windows\System32\Wbem;C:\Windows\System32\WindowsPowerShell\v1.0\;C:\Program Files (x86)\Skype\Phone\
USERNAME=Mark
OS=Windows_NT
PROCESSOR_IDENTIFIER=Intel64 Family 6 Model 15 Stepping 11, GenuineIntel



---------------  S Y S T E M  ---------------

OS: Windows 7 , 64 bit Build 7601 (6.1.7601.18409)

CPU:total 4 (4 cores per cpu, 1 threads per core) family 6 model 15 stepping 11, cmov, cx8, fxsr, mmx, sse, sse2, sse3, ssse3, tsc

Memory: 4k page, physical 6290600k(1363508k free), swap 12579340k(6919568k free)

vm_info: Java HotSpot(TM) 64-Bit Server VM (25.40-b25) for windows-amd64 JRE (1.8.0_40-b25), built on Feb 10 2015 21:53:57 by "java_re" with MS VC++ 10.0 (VS2010)

time: Wed Mar 18 11:50:02 2015
elapsed time: 25 seconds (0d 0h 0m 25s)

